Determining if the pthread_create exist failed with the following output:
Change Dir: /home/cc/ee106a/fa19/class/ee106a-aft/ros_workspaces/lab7/build/CMakeFiles/CMakeTmp

Run Build Command:"/usr/bin/make" "cmTC_72b94/fast"
/usr/bin/make -f CMakeFiles/cmTC_72b94.dir/build.make CMakeFiles/cmTC_72b94.dir/build
make[1]: Entering directory '/home/cc/ee106a/fa19/class/ee106a-aft/ros_workspaces/lab7/build/CMakeFiles/CMakeTmp'
Building C object CMakeFiles/cmTC_72b94.dir/CheckSymbolExists.c.o
/usr/bin/cc     -o CMakeFiles/cmTC_72b94.dir/CheckSymbolExists.c.o   -c /home/cc/ee106a/fa19/class/ee106a-aft/ros_workspaces/lab7/build/CMakeFiles/CMakeTmp/CheckSymbolExists.c
Linking C executable cmTC_72b94
/usr/bin/cmake -E cmake_link_script CMakeFiles/cmTC_72b94.dir/link.txt --verbose=1
/usr/bin/cc       CMakeFiles/cmTC_72b94.dir/CheckSymbolExists.c.o  -o cmTC_72b94 -rdynamic 
CMakeFiles/cmTC_72b94.dir/CheckSymbolExists.c.o: In function `main':
CheckSymbolExists.c:(.text+0x16): undefined reference to `pthread_create'
collect2: error: ld returned 1 exit status
CMakeFiles/cmTC_72b94.dir/build.make:97: recipe for target 'cmTC_72b94' failed
make[1]: *** [cmTC_72b94] Error 1
make[1]: Leaving directory '/home/cc/ee106a/fa19/class/ee106a-aft/ros_workspaces/lab7/build/CMakeFiles/CMakeTmp'
Makefile:126: recipe for target 'cmTC_72b94/fast' failed
make: *** [cmTC_72b94/fast] Error 2

File /home/cc/ee106a/fa19/class/ee106a-aft/ros_workspaces/lab7/build/CMakeFiles/CMakeTmp/CheckSymbolExists.c:
/* */
#include <pthread.h>

int main(int argc, char** argv)
{
  (void)argv;
#ifndef pthread_create
  return ((int*)(&pthread_create))[argc];
#else
  (void)argc;
  return 0;
#endif
}

Determining if the function pthread_create exists in the pthreads failed with the following output:
Change Dir: /home/cc/ee106a/fa19/class/ee106a-aft/ros_workspaces/lab7/build/CMakeFiles/CMakeTmp

Run Build Command:"/usr/bin/make" "cmTC_df71a/fast"
/usr/bin/make -f CMakeFiles/cmTC_df71a.dir/build.make CMakeFiles/cmTC_df71a.dir/build
make[1]: Entering directory '/home/cc/ee106a/fa19/class/ee106a-aft/ros_workspaces/lab7/build/CMakeFiles/CMakeTmp'
Building C object CMakeFiles/cmTC_df71a.dir/CheckFunctionExists.c.o
/usr/bin/cc    -DCHECK_FUNCTION_EXISTS=pthread_create   -o CMakeFiles/cmTC_df71a.dir/CheckFunctionExists.c.o   -c /usr/share/cmake-3.5/Modules/CheckFunctionExists.c
Linking C executable cmTC_df71a
/usr/bin/cmake -E cmake_link_script CMakeFiles/cmTC_df71a.dir/link.txt --verbose=1
/usr/bin/cc   -DCHECK_FUNCTION_EXISTS=pthread_create    CMakeFiles/cmTC_df71a.dir/CheckFunctionExists.c.o  -o cmTC_df71a -rdynamic -lpthreads 
/usr/bin/ld: cannot find -lpthreads
collect2: error: ld returned 1 exit status
CMakeFiles/cmTC_df71a.dir/build.make:97: recipe for target 'cmTC_df71a' failed
make[1]: *** [cmTC_df71a] Error 1
make[1]: Leaving directory '/home/cc/ee106a/fa19/class/ee106a-aft/ros_workspaces/lab7/build/CMakeFiles/CMakeTmp'
Makefile:126: recipe for target 'cmTC_df71a/fast' failed
make: *** [cmTC_df71a/fast] Error 2


