Determining if the pthread_create exist failed with the following output:
Change Dir: /scratch/shared/baxter_ws/build/CMakeFiles/CMakeTmp

Run Build Command:"/usr/bin/make" "cmTC_c7937/fast"
/usr/bin/make -f CMakeFiles/cmTC_c7937.dir/build.make CMakeFiles/cmTC_c7937.dir/build
make[1]: Entering directory '/scratch/shared/baxter_ws/build/CMakeFiles/CMakeTmp'
Building C object CMakeFiles/cmTC_c7937.dir/CheckSymbolExists.c.o
/usr/bin/cc     -o CMakeFiles/cmTC_c7937.dir/CheckSymbolExists.c.o   -c /scratch/shared/baxter_ws/build/CMakeFiles/CMakeTmp/CheckSymbolExists.c
Linking C executable cmTC_c7937
/usr/bin/cmake -E cmake_link_script CMakeFiles/cmTC_c7937.dir/link.txt --verbose=1
/usr/bin/cc       CMakeFiles/cmTC_c7937.dir/CheckSymbolExists.c.o  -o cmTC_c7937 -rdynamic 
CMakeFiles/cmTC_c7937.dir/CheckSymbolExists.c.o: In function `main':
CheckSymbolExists.c:(.text+0x16): undefined reference to `pthread_create'
collect2: error: ld returned 1 exit status
CMakeFiles/cmTC_c7937.dir/build.make:97: recipe for target 'cmTC_c7937' failed
make[1]: *** [cmTC_c7937] Error 1
make[1]: Leaving directory '/scratch/shared/baxter_ws/build/CMakeFiles/CMakeTmp'
Makefile:126: recipe for target 'cmTC_c7937/fast' failed
make: *** [cmTC_c7937/fast] Error 2

File /scratch/shared/baxter_ws/build/CMakeFiles/CMakeTmp/CheckSymbolExists.c:
/* */
#include <pthread.h>

int main(int argc, char** argv)
{
  (void)argv;
#ifndef pthread_create
  return ((int*)(&pthread_create))[argc];
#else
  (void)argc;
  return 0;
#endif
}

Determining if the function pthread_create exists in the pthreads failed with the following output:
Change Dir: /scratch/shared/baxter_ws/build/CMakeFiles/CMakeTmp

Run Build Command:"/usr/bin/make" "cmTC_62bd2/fast"
/usr/bin/make -f CMakeFiles/cmTC_62bd2.dir/build.make CMakeFiles/cmTC_62bd2.dir/build
make[1]: Entering directory '/scratch/shared/baxter_ws/build/CMakeFiles/CMakeTmp'
Building C object CMakeFiles/cmTC_62bd2.dir/CheckFunctionExists.c.o
/usr/bin/cc    -DCHECK_FUNCTION_EXISTS=pthread_create   -o CMakeFiles/cmTC_62bd2.dir/CheckFunctionExists.c.o   -c /usr/share/cmake-3.5/Modules/CheckFunctionExists.c
Linking C executable cmTC_62bd2
/usr/bin/cmake -E cmake_link_script CMakeFiles/cmTC_62bd2.dir/link.txt --verbose=1
/usr/bin/cc   -DCHECK_FUNCTION_EXISTS=pthread_create    CMakeFiles/cmTC_62bd2.dir/CheckFunctionExists.c.o  -o cmTC_62bd2 -rdynamic -lpthreads 
/usr/bin/ld: cannot find -lpthreads
collect2: error: ld returned 1 exit status
CMakeFiles/cmTC_62bd2.dir/build.make:97: recipe for target 'cmTC_62bd2' failed
make[1]: *** [cmTC_62bd2] Error 1
make[1]: Leaving directory '/scratch/shared/baxter_ws/build/CMakeFiles/CMakeTmp'
Makefile:126: recipe for target 'cmTC_62bd2/fast' failed
make: *** [cmTC_62bd2/fast] Error 2


